<?xml version="1.0" encoding="UTF-8"?>
<!-- Generated by org.testng.reporters.JUnitReportReporter -->
<testsuite hostname="DESKTOP-JP71GCP" failures="0" tests="1" name="testRunner.SlideTeamHomeTest" time="1.093" errors="0" timestamp="2024-04-22T12:35:06 IST" skipped="0">
  <testcase classname="testRunner.SlideTeamHomeTest" name="testLogin" time="1.093"/>
</testsuite> <!-- testRunner.SlideTeamHomeTest -->
