<?xml version="1.0" encoding="UTF-8"?>
<!-- Generated by org.testng.reporters.JUnitReportReporter -->
<testsuite hostname="DESKTOP-JP71GCP" failures="0" tests="1" name="testRunner.SlideTeamTC_3" time="29.696" errors="0" timestamp="2024-04-24T08:13:32 IST" skipped="0">
  <testcase classname="testRunner.SlideTeamTC_3" name="ST_TC_1" time="29.696"/>
</testsuite> <!-- testRunner.SlideTeamTC_3 -->
