<?xml version="1.0" encoding="UTF-8"?>
<!-- Generated by org.testng.reporters.JUnitReportReporter -->
<testsuite hostname="DESKTOP-JP71GCP" failures="0" tests="1" name="E2ESlideTeam.SlideTeamLoginTest" time="22.259" errors="0" timestamp="2024-04-20T12:18:54 IST" skipped="0">
  <testcase classname="E2ESlideTeam.SlideTeamLoginTest" name="testLogin" time="22.259"/>
</testsuite> <!-- E2ESlideTeam.SlideTeamLoginTest -->
