<?xml version="1.0" encoding="UTF-8"?>
<!-- Generated by org.testng.reporters.JUnitReportReporter -->
<testsuite hostname="DESKTOP-JP71GCP" failures="0" tests="1" name="testRunner.SlideTeamTC_1" time="6.100" errors="0" timestamp="2024-04-24T13:12:39 IST" skipped="0">
  <testcase classname="testRunner.SlideTeamTC_1" name="ST_TC_1" time="6.100"/>
</testsuite> <!-- testRunner.SlideTeamTC_1 -->
