<?xml version="1.0" encoding="UTF-8"?>
<!-- Generated by org.testng.reporters.JUnitReportReporter -->
<testsuite hostname="DESKTOP-JP71GCP" failures="0" tests="1" name="testRunner.SlideTeam_SignUp_TC_1" time="12.345" errors="0" timestamp="2024-04-27T08:24:45 IST" skipped="0">
  <testcase classname="testRunner.SlideTeam_SignUp_TC_1" name="ST_SignUp_TC_1" time="12.345"/>
</testsuite> <!-- testRunner.SlideTeam_SignUp_TC_1 -->
