<?xml version="1.0" encoding="UTF-8"?>
<!-- Generated by org.testng.reporters.JUnitReportReporter -->
<testsuite hostname="DESKTOP-JP71GCP" failures="0" tests="1" name="testRunner.SlideTeam_Login_TC_2" time="10.933" errors="0" timestamp="2024-06-08T16:26:10 IST" skipped="0">
  <testcase classname="testRunner.SlideTeam_Login_TC_2" name="ST_TC_1" time="10.933"/>
</testsuite> <!-- testRunner.SlideTeam_Login_TC_2 -->
