<?xml version="1.0" encoding="UTF-8"?>
<!-- Generated by org.testng.reporters.JUnitReportReporter -->
<testsuite hostname="DESKTOP-JP71GCP" failures="0" tests="1" name="testRunner.SlideTeam_Login_TC_1" time="12.716" errors="0" timestamp="2024-06-22T22:16:41 IST" skipped="0">
  <testcase classname="testRunner.SlideTeam_Login_TC_1" name="ST_TC_1" time="12.716"/>
</testsuite> <!-- testRunner.SlideTeam_Login_TC_1 -->
